<?xml version="1.0" encoding="UTF-8"?>
<!-- Generated by org.testng.reporters.JUnitReportReporter -->
<testsuite hostname="DESKTOP-TA5FSS4" name="testpackage.MavenTest" tests="1" failures="0" timestamp="6 Sep 2021 16:52:08 GMT" time="6.106" errors="0">
  <testcase name="test" time="6.106" classname="testpackage.MavenTest"/>
</testsuite> <!-- testpackage.MavenTest -->
